INFO: 2017-12-01 09:05:19,232: perform_upgrade() 'Last run version was 0.6.6 or earlier, current version is 0.6.6'
INFO: 2017-12-01 09:05:19,233: process_command() 'Received command: []'
INFO: 2017-12-01 09:05:19,237: load_banned() 'Missing or invalid banned URLs list, no URLs will be banned'
INFO: 2017-12-01 09:05:19,733: load() 'Jumble loading'
INFO: 2017-12-01 09:05:19,745: _walk_modules() 'Jumble loading module in __init__ from /usr/share/variety/plugins/__init__.py'
INFO: 2017-12-01 09:05:19,751: _walk_modules() 'Jumble loading module in __init__ from /usr/share/variety/plugins/quotes/__init__.py'
INFO: 2017-12-01 09:05:19,751: _walk_modules() 'Jumble loading module in GoodreadsSource from /usr/share/variety/plugins/quotes/GoodreadsSource.py'
INFO: 2017-12-01 09:05:19,813: load() 'Jumble found plugin class: <class 'GoodreadsSource.GoodreadsSource'>: {'author': 'Peter Levi', 'name': 'Goodreads', 'version': '0.1', 'description': u'Fetches quotes from Goodreads.com'}'
INFO: 2017-12-01 09:05:19,813: _walk_modules() 'Jumble loading module in QuotationsPageSource from /usr/share/variety/plugins/quotes/QuotationsPageSource.py'
INFO: 2017-12-01 09:05:19,823: load() 'Jumble found plugin class: <class 'QuotationsPageSource.QuotationsPageSource'>: {'author': 'Peter Levi', 'name': 'TheQuotationsPage.com', 'version': '0.1', 'description': u'Fetches quotes from TheQuotationsPage.com'}'
INFO: 2017-12-01 09:05:19,823: _walk_modules() 'Jumble loading module in LocalFilesSource from /usr/share/variety/plugins/quotes/LocalFilesSource.py'
INFO: 2017-12-01 09:05:19,835: load() 'Jumble found plugin class: <class 'LocalFilesSource.LocalFilesSource'>: {'author': 'Peter Levi', 'name': 'Local text files', 'version': '0.1', 'description': u'Displays quotes, defined in local text files.\nPut your own txt files in: ~/.config/variety/pluginconfig/quotes/.\nThe file format is:\n\nquote -- author\n.\nsecond quote -- another author\n.\netc...\n\nExample: http://rvelthuis.de/zips/quotes.txt'}'
INFO: 2017-12-01 09:05:19,835: _walk_modules() 'Jumble loading module in QuotesDaddySource from /usr/share/variety/plugins/quotes/QuotesDaddySource.py'
INFO: 2017-12-01 09:05:19,847: load() 'Jumble found plugin class: <class 'QuotesDaddySource.QuotesDaddySource'>: {'author': 'Peter Levi', 'name': 'QuotesDaddy', 'version': '0.1', 'description': u"Fetches quotes from QuotesDaddy's daily quotes RSS feed.\nDoes not support searching by tags or authors."}'
INFO: 2017-12-01 09:05:19,875: reload_config() 'Creating new downloader for type 6, location Random wallpapers from Desktoppr.co'
INFO: 2017-12-01 09:05:19,876: log_options() 'Loaded options:'
INFO: 2017-12-01 09:05:19,876: log_options() 'change_enabled = True'
INFO: 2017-12-01 09:05:19,876: log_options() 'change_interval = 60'
INFO: 2017-12-01 09:05:19,876: log_options() 'change_on_start = True'
INFO: 2017-12-01 09:05:19,876: log_options() 'clipboard_enabled = False'
INFO: 2017-12-01 09:05:19,876: log_options() 'clipboard_hosts = [u'wallhaven.cc', u'ns223506.ovh.net', u'wallpapers.net', u'flickr.com', u'imgur.com', u'deviantart.com', u'interfacelift.com', u'vladstudio.com', u'imageshack.us']'
INFO: 2017-12-01 09:05:19,876: log_options() 'clipboard_use_whitelist = True'
INFO: 2017-12-01 09:05:19,876: log_options() 'clock_date_font = Ubuntu Condensed, 30'
INFO: 2017-12-01 09:05:19,876: log_options() 'clock_enabled = False'
INFO: 2017-12-01 09:05:19,876: log_options() 'clock_filter = -density 100 -font `fc-match -f '%{file[0]}' '%CLOCK_FONT_NAME'` -pointsize %CLOCK_FONT_SIZE -gravity SouthEast -fill '#00000044' -annotate 0x0+[%HOFFSET+58]+[%VOFFSET+108] '%H:%M' -fill white -annotate 0x0+[%HOFFSET+60]+[%VOFFSET+110] '%H:%M' -font `fc-match -f '%{file[0]}' '%DATE_FONT_NAME'` -pointsize %DATE_FONT_SIZE -fill '#00000044' -annotate 0x0+[%HOFFSET+58]+[%VOFFSET+58] '%A, %B %d' -fill white -annotate 0x0+[%HOFFSET+60]+[%VOFFSET+60] '%A, %B %d''
INFO: 2017-12-01 09:05:19,876: log_options() 'clock_font = Ubuntu Condensed, 70'
INFO: 2017-12-01 09:05:19,876: log_options() 'configfile = /home/timotej/.config/variety/variety.conf'
INFO: 2017-12-01 09:05:19,876: log_options() 'copyto_enabled = False'
INFO: 2017-12-01 09:05:19,877: log_options() 'copyto_folder = Default'
INFO: 2017-12-01 09:05:19,877: log_options() 'desired_color = [52, 101, 164]'
INFO: 2017-12-01 09:05:19,877: log_options() 'desired_color_enabled = False'
INFO: 2017-12-01 09:05:19,877: log_options() 'download_enabled = True'
INFO: 2017-12-01 09:05:19,877: log_options() 'download_folder = /home/timotej/.config/variety/Downloaded'
INFO: 2017-12-01 09:05:19,877: log_options() 'download_interval = 600'
INFO: 2017-12-01 09:05:19,877: log_options() 'facebook_message = '
INFO: 2017-12-01 09:05:19,877: log_options() 'facebook_show_dialog = True'
INFO: 2017-12-01 09:05:19,877: log_options() 'favorites_folder = /home/timotej/.config/variety/Favorites'
INFO: 2017-12-01 09:05:19,877: log_options() 'favorites_operations = [[u'Downloaded', u'Copy'], [u'Fetched', u'Move'], [u'Others', u'Copy']]'
INFO: 2017-12-01 09:05:19,877: log_options() 'fetched_folder = /home/timotej/.config/variety/Fetched'
INFO: 2017-12-01 09:05:19,877: log_options() 'filters = [[False, u'Keep original', u''], [False, u'Grayscale', u'-type Grayscale'], [False, u'Heavy blur', u'-blur 120x40'], [False, u'Soft blur', u'-blur 20x7'], [False, u'Oil painting', u'-paint 8'], [False, u'Pencil sketch', u'-colorspace gray \\( +clone -tile ~/.config/variety/pencil_tile.png -draw "color 0,0 reset" +clone +swap -compose color_dodge -composite \\) -fx \'u*.2+v*.8\''], [False, u'Pointilism', u'-spread 10 -noise 3'], [False, u'Pixellate', u'-scale 3% -scale 3333%']]'
INFO: 2017-12-01 09:05:19,877: log_options() 'icon = Light'
INFO: 2017-12-01 09:05:19,877: log_options() 'lightness_enabled = False'
INFO: 2017-12-01 09:05:19,877: log_options() 'lightness_mode = 1'
INFO: 2017-12-01 09:05:19,877: log_options() 'min_rating = 4'
INFO: 2017-12-01 09:05:19,877: log_options() 'min_rating_enabled = False'
INFO: 2017-12-01 09:05:19,877: log_options() 'min_size = 80'
INFO: 2017-12-01 09:05:19,877: log_options() 'min_size_enabled = True'
INFO: 2017-12-01 09:05:19,877: log_options() 'quota_enabled = True'
INFO: 2017-12-01 09:05:19,877: log_options() 'quota_size = 500'
INFO: 2017-12-01 09:05:19,877: log_options() 'quotes_authors = '
INFO: 2017-12-01 09:05:19,877: log_options() 'quotes_bg_color = [80, 80, 80]'
INFO: 2017-12-01 09:05:19,877: log_options() 'quotes_bg_opacity = 55'
INFO: 2017-12-01 09:05:19,877: log_options() 'quotes_change_enabled = False'
INFO: 2017-12-01 09:05:19,877: log_options() 'quotes_change_interval = 300'
INFO: 2017-12-01 09:05:19,877: log_options() 'quotes_disabled_sources = [u'QuotesDaddy']'
INFO: 2017-12-01 09:05:19,877: log_options() 'quotes_enabled = True'
INFO: 2017-12-01 09:05:19,877: log_options() 'quotes_favorites_file = /home/timotej/.config/variety/favorite_quotes.txt'
INFO: 2017-12-01 09:05:19,877: log_options() 'quotes_font = P052 Italic 20'
INFO: 2017-12-01 09:05:19,878: log_options() 'quotes_hpos = 35'
INFO: 2017-12-01 09:05:19,878: log_options() 'quotes_tags = '
INFO: 2017-12-01 09:05:19,878: log_options() 'quotes_text_color = [255, 255, 255]'
INFO: 2017-12-01 09:05:19,878: log_options() 'quotes_text_shadow = False'
INFO: 2017-12-01 09:05:19,878: log_options() 'quotes_vpos = 40'
INFO: 2017-12-01 09:05:19,880: log_options() 'quotes_width = 70'
INFO: 2017-12-01 09:05:19,880: log_options() 'safe_mode = False'
INFO: 2017-12-01 09:05:19,880: log_options() 'slideshow_custom_enabled = False'
INFO: 2017-12-01 09:05:19,880: log_options() 'slideshow_custom_folder = /home/timotej/Pictures'
INFO: 2017-12-01 09:05:19,880: log_options() 'slideshow_downloads_enabled = False'
INFO: 2017-12-01 09:05:19,880: log_options() 'slideshow_fade = 0.4'
INFO: 2017-12-01 09:05:19,880: log_options() 'slideshow_favorites_enabled = True'
INFO: 2017-12-01 09:05:19,880: log_options() 'slideshow_mode = Fullscreen'
INFO: 2017-12-01 09:05:19,880: log_options() 'slideshow_monitor = All'
INFO: 2017-12-01 09:05:19,880: log_options() 'slideshow_pan = 0.05'
INFO: 2017-12-01 09:05:19,880: log_options() 'slideshow_seconds = 6.0'
INFO: 2017-12-01 09:05:19,880: log_options() 'slideshow_sort_order = Random'
INFO: 2017-12-01 09:05:19,880: log_options() 'slideshow_sources_enabled = True'
INFO: 2017-12-01 09:05:19,880: log_options() 'slideshow_zoom = 0.2'
INFO: 2017-12-01 09:05:19,880: log_options() 'smart_enabled = True'
INFO: 2017-12-01 09:05:19,880: log_options() 'smart_notice_shown = True'
INFO: 2017-12-01 09:05:19,880: log_options() 'smart_register_shown = True'
INFO: 2017-12-01 09:05:19,880: log_options() 'sources = [[False, 3, u'The Favorites folder'], [False, 4, u'The Fetched folder'], [False, 19, u'Recommended by Variety. Adapts to your taste as you mark images as favorite or trash.'], [False, 20, u'Latest favorites by the other users of Variety. [May contain NSFW images]'], [False, 2, u'/usr/share/backgrounds'], [True, 6, u'Random wallpapers from Desktoppr.co'], [False, 15, u'Bing Photo of the Day'], [False, 16, u'High-resolution photos from Unsplash.com'], [False, 8, u"NASA's Astronomy Picture of the Day"], [False, 11, u'World Sunlight Map - live wallpaper from Die.net'], [False, 7, u'user:www.flickr.com/photos/peter-levi/;user_id:93647178@N00;']]'
INFO: 2017-12-01 09:05:19,880: log_options() 'stats_enabled = True'
INFO: 2017-12-01 09:05:19,880: log_options() 'stats_notice_shown = True'
INFO: 2017-12-01 09:05:19,881: log_options() 'sync_enabled = True'
INFO: 2017-12-01 09:05:19,881: log_options() 'use_landscape_enabled = True'
INFO: 2017-12-01 09:05:19,881: reload_config() 'No need to clear prepared queue'
INFO: 2017-12-01 09:05:19,881: start() 'Starting QuotesEngine'
INFO: 2017-12-01 09:05:19,888: load() 'Loading quotes file /usr/share/variety/plugins/quotes/quotes.txt'
INFO: 2017-12-01 09:05:19,917: prepare_thread() 'Quotes prepare thread running'
INFO: 2017-12-01 09:05:19,917: prepare_thread() 'Quotes prepared buffer contains 0 quotes, fetching a quote'
INFO: 2017-12-01 09:05:19,917: get_for_search_url() 'Fetching quotes from Goodreads for search url=http://www.quotationspage.com/random.php3'
INFO: 2017-12-01 09:05:19,985: on_options_updated() 'Quotes: clearing prepared and updating plugins'
INFO: 2017-12-01 09:05:19,986: regular_change_thread() 'Quotes regular change thread running'
INFO: 2017-12-01 09:05:19,987: load_last_change_time() 'Change interval < 6 hours, ignore persisted last_change_time, wait initially the whole interval: 60'
INFO: 2017-12-01 09:05:19,987: update_indicator() 'Setting file info to: /home/timotej/.config/variety/wallpaper/wallpaper-quote-ff5da3bb92b3d1da310baabe9fa54f53.jpg
'feh'
'--bg-fill'
'/home/timotej/.config/variety/wallpaper/wallpaper-quote-ff5da3bb92b3d1da310baabe9fa54f53.jpg''
INFO: 2017-12-01 09:05:20,088: do_set_wp() 'Calling do_set_wp with /home/timotej/.config/variety/wallpaper/wallpaper-quote-ff5da3bb92b3d1da310baabe9fa54f53.jpg
'feh'
'--bg-fill'
'/home/timotej/.config/variety/wallpaper/wallpaper-quote-ff5da3bb92b3d1da310baabe9fa54f53.jpg', time: 1512115520.09'
INFO: 2017-12-01 09:05:20,088: do_set_wp() 'Missing file or bad permissions, will not use it: /home/timotej/.config/variety/wallpaper/wallpaper-quote-ff5da3bb92b3d1da310baabe9fa54f53.jpg
'feh'
'--bg-fill'
'/home/timotej/.config/variety/wallpaper/wallpaper-quote-ff5da3bb92b3d1da310baabe9fa54f53.jpg''
INFO: 2017-12-01 09:05:20,207: regular_change_thread() 'regular_change thread running'
INFO: 2017-12-01 09:05:20,207: prepare_thread() 'Prepare thread running'
INFO: 2017-12-01 09:05:20,207: prepare_thread() 'Prepared buffer contains 0 images'
INFO: 2017-12-01 09:05:20,207: prepare_thread() 'Preparing some images'
INFO: 2017-12-01 09:05:20,234: _run() 'sync: Started, hash 55e1ab053f4068a5dafb4080c7645c14'
INFO: 2017-12-01 09:05:20,235: load_user() 'smart: Missing smart_user.json, creating new smart user'
INFO: 2017-12-01 09:05:20,235: new_user() 'smart: Creating new smart user'
INFO: 2017-12-01 09:05:20,260: update_indicator_icon() 'Creating indicator'
WARNING: 2017-12-01 09:05:20,268: create_menu() 'Variety Slideshow is not installed. This is an optional extension adding pan-and-zoom slideshows to Variety: see https://github.com/peterlevi/variety-slideshow for details'
INFO: 2017-12-01 09:05:20,651: set_from_theme_icon() 'Showing status icon variety-indicator from GTK theme'
INFO: 2017-12-01 09:05:20,764: update_indicator() 'Setting file info to: /home/timotej/.config/variety/wallpaper/wallpaper-quote-ff5da3bb92b3d1da310baabe9fa54f53.jpg
'feh'
'--bg-fill'
'/home/timotej/.config/variety/wallpaper/wallpaper-quote-ff5da3bb92b3d1da310baabe9fa54f53.jpg''
ERROR: 2017-12-01 09:05:20,821: image_ok() 'Error in image_ok for file /home/timotej/.config/variety/Downloaded/Desktoppr/wallpaper-2247887.png'
Traceback (most recent call last):
  File "/usr/lib/python2.7/site-packages/variety/VarietyWindow.py", line 1531, in image_ok
    i = PILImage.open(img)
  File "/usr/lib/python2.7/site-packages/PIL/Image.py", line 2572, in open
    % (filename if filename else fp))
IOError: cannot identify image file u'/home/timotej/.config/variety/Downloaded/Desktoppr/wallpaper-2247887.png'
INFO: 2017-12-01 09:05:20,942: get_for_search_url() 'Used QuotationsPage url http://www.quotationspage.com/random.php3'
INFO: 2017-12-01 09:05:21,167: do_set_wp() 'Calling do_set_wp with /home/timotej/.config/variety/wallpaper/wallpaper-quote-ff5da3bb92b3d1da310baabe9fa54f53.jpg
'feh'
'--bg-fill'
'/home/timotej/.config/variety/wallpaper/wallpaper-quote-ff5da3bb92b3d1da310baabe9fa54f53.jpg', time: 1512115521.17'
INFO: 2017-12-01 09:05:21,167: do_set_wp() 'Missing file or bad permissions, will not use it: /home/timotej/.config/variety/wallpaper/wallpaper-quote-ff5da3bb92b3d1da310baabe9fa54f53.jpg
'feh'
'--bg-fill'
'/home/timotej/.config/variety/wallpaper/wallpaper-quote-ff5da3bb92b3d1da310baabe9fa54f53.jpg''
INFO: 2017-12-01 09:05:21,465: prepare_thread() 'After search prepared buffer contains 21 images'
ERROR: 2017-12-01 09:05:21,806: _run() 'sync: Could not load or create smart user'
Traceback (most recent call last):
  File "/usr/lib/python2.7/site-packages/variety/Smart.py", line 516, in _run
    self.load_user(create_if_missing=True)
  File "/usr/lib/python2.7/site-packages/variety/Smart.py", line 128, in load_user
    self.new_user()
  File "/usr/lib/python2.7/site-packages/variety/Smart.py", line 136, in new_user
    self.user = Util.fetch_json(Smart.API_URL + '/newuser')
  File "/usr/lib/python2.7/site-packages/variety/Util.py", line 534, in fetch_json
    return Util.request(url, data).json()
  File "/usr/lib/python2.7/site-packages/variety/Util.py", line 507, in request
    r.raise_for_status()
  File "/usr/lib/python2.7/site-packages/requests/models.py", line 935, in raise_for_status
    raise HTTPError(http_error_msg, response=self)
HTTPError: 503 Server Error: Service Temporarily Unavailable for url: https://vrty.org/api/newuser
INFO: 2017-12-01 09:05:22,496: reload() 'Reloading preferences dialog'
INFO: 2017-12-01 09:05:22,501: load_user() 'smart: Missing smart_user.json, creating new smart user'
INFO: 2017-12-01 09:05:22,501: new_user() 'smart: Creating new smart user'
INFO: 2017-12-01 09:05:22,631: load_user() 'smart: Missing smart_user.json, creating new smart user'
INFO: 2017-12-01 09:05:22,631: new_user() 'smart: Creating new smart user'
INFO: 2017-12-01 09:05:22,742: load_user() 'smart: Missing smart_user.json, creating new smart user'
INFO: 2017-12-01 09:05:22,742: new_user() 'smart: Creating new smart user'
INFO: 2017-12-01 09:05:22,846: _run() 'sync: Started, hash f53d9155e91bde292cdc340dc56ae815'
INFO: 2017-12-01 09:05:22,846: load_user() 'smart: Missing smart_user.json, creating new smart user'
INFO: 2017-12-01 09:05:22,846: new_user() 'smart: Creating new smart user'
ERROR: 2017-12-01 09:05:22,950: _run() 'sync: Could not load or create smart user'
Traceback (most recent call last):
  File "/usr/lib/python2.7/site-packages/variety/Smart.py", line 516, in _run
    self.load_user(create_if_missing=True)
  File "/usr/lib/python2.7/site-packages/variety/Smart.py", line 128, in load_user
    self.new_user()
  File "/usr/lib/python2.7/site-packages/variety/Smart.py", line 136, in new_user
    self.user = Util.fetch_json(Smart.API_URL + '/newuser')
  File "/usr/lib/python2.7/site-packages/variety/Util.py", line 534, in fetch_json
    return Util.request(url, data).json()
  File "/usr/lib/python2.7/site-packages/variety/Util.py", line 507, in request
    r.raise_for_status()
  File "/usr/lib/python2.7/site-packages/requests/models.py", line 935, in raise_for_status
    raise HTTPError(http_error_msg, response=self)
HTTPError: 503 Server Error: Service Temporarily Unavailable for url: https://vrty.org/api/newuser
INFO: 2017-12-01 09:05:22,952: update_indicator() 'Setting file info to: /home/timotej/.config/variety/wallpaper/wallpaper-quote-ff5da3bb92b3d1da310baabe9fa54f53.jpg
'feh'
'--bg-fill'
'/home/timotej/.config/variety/wallpaper/wallpaper-quote-ff5da3bb92b3d1da310baabe9fa54f53.jpg''
INFO: 2017-12-01 09:05:23,008: prepare_thread() 'Quotes prepared buffer contains 0 quotes, fetching a quote'
INFO: 2017-12-01 09:05:25,011: prepare_thread() 'Quotes prepared buffer contains 1 quotes, fetching a quote'
INFO: 2017-12-01 09:05:25,207: set_wallpaper() 'Calling set_wallpaper with /home/timotej/.config/variety/Downloaded/Desktoppr/helvetica.png'
INFO: 2017-12-01 09:05:25,208: prepare_thread() 'Prepared buffer contains 20 images'
INFO: 2017-12-01 09:05:25,211: do_set_wp() 'Calling do_set_wp with /home/timotej/.config/variety/Downloaded/Desktoppr/helvetica.png, time: 1512115525.21'
INFO: 2017-12-01 09:05:25,774: compute_trimmed_offsets() 'Trimmed offsets debug info: w:1920, h:975, ratio:1.969231, iw:1920, ih:1200, scw:1920, sch:1200, ho:0, vo:112'
INFO: 2017-12-01 09:05:26,173: update_indicator() 'Setting file info to: /home/timotej/.config/variety/Downloaded/Desktoppr/helvetica.png'
INFO: 2017-12-01 09:05:27,013: prepare_thread() 'Quotes prepared buffer contains 1 quotes, fetching a quote'
INFO: 2017-12-01 09:05:27,013: get_for_keyword() 'Fetching quotes from Goodreads for keyword=fantasy'
INFO: 2017-12-01 09:05:30,438: get_from_soup() 'Used Goodreads url https://www.goodreads.com/quotes/tag?utf8=%E2%9C%93&id=fantasy&page=25'
INFO: 2017-12-01 09:05:32,472: prepare_thread() 'Quotes prepared buffer contains 2 quotes, fetching a quote'
INFO: 2017-12-01 09:05:34,474: prepare_thread() 'Quotes prepared buffer contains 3 quotes, fetching a quote'
INFO: 2017-12-01 09:05:36,475: prepare_thread() 'Quotes prepared buffer contains 4 quotes, fetching a quote'
INFO: 2017-12-01 09:05:38,478: prepare_thread() 'Quotes prepared buffer contains 5 quotes, fetching a quote'
INFO: 2017-12-01 09:05:39,903: stats_report_config() 'Stats: Reporting config anonymously'
INFO: 2017-12-01 09:05:40,228: server_options_thread() 'Fetching server options from http://tiny.cc/variety-options-063'
ERROR: 2017-12-01 09:05:40,193: reporting_thread_method() 'Stats: Could not report config'
Traceback (most recent call last):
  File "/usr/lib/python2.7/site-packages/variety/VarietyWindow.py", line 1003, in reporting_thread_method
    self.smart.stats_report_config()
  File "/usr/lib/python2.7/site-packages/variety/Smart.py", line 851, in stats_report_config
    res = Util.fetch_json(Smart.API_URL + '/stats/%s/report-config' % statsid, data=data)
  File "/usr/lib/python2.7/site-packages/variety/Util.py", line 534, in fetch_json
    return Util.request(url, data).json()
  File "/usr/lib/python2.7/site-packages/variety/Util.py", line 507, in request
    r.raise_for_status()
  File "/usr/lib/python2.7/site-packages/requests/models.py", line 935, in raise_for_status
    raise HTTPError(http_error_msg, response=self)
HTTPError: 500 Server Error: Internal Server Error for url: https://vrty.org/api/stats/rz14igyexw/report-config
INFO: 2017-12-01 09:05:40,480: prepare_thread() 'Quotes prepared buffer contains 6 quotes, fetching a quote'
INFO: 2017-12-01 09:05:41,529: server_options_thread() 'Fetched server options: {u'unsplash': {u'min_fill_queue_interval': 1800, u'min_download_interval': 600}, u'wallpapers.net': {u'min_fill_queue_interval': 600, u'min_download_interval': 0}, u'wallhaven': {u'min_fill_queue_interval': 1800, u'min_download_interval': 1800}, u'wallbase': {u'min_fill_queue_interval': 1800, u'min_download_interval': 1800}, u'flickr': {u'min_fill_queue_interval': 1200, u'min_download_interval': 1200}, u'status_message': {u'*': u'', u'0.0.1': u''}}'
INFO: 2017-12-01 09:05:42,484: prepare_thread() 'Quotes prepared buffer contains 7 quotes, fetching a quote'
INFO: 2017-12-01 09:05:44,484: prepare_thread() 'Quotes prepared buffer contains 8 quotes, fetching a quote'
INFO: 2017-12-01 09:05:46,487: prepare_thread() 'Quotes prepared buffer contains 9 quotes, fetching a quote'
INFO: 2017-12-01 09:06:10,252: stats_report_config() 'Stats: Reporting config anonymously'
ERROR: 2017-12-01 09:06:10,455: reporting_thread_method() 'Stats: Could not report config'
Traceback (most recent call last):
  File "/usr/lib/python2.7/site-packages/variety/VarietyWindow.py", line 1003, in reporting_thread_method
    self.smart.stats_report_config()
  File "/usr/lib/python2.7/site-packages/variety/Smart.py", line 851, in stats_report_config
    res = Util.fetch_json(Smart.API_URL + '/stats/%s/report-config' % statsid, data=data)
  File "/usr/lib/python2.7/site-packages/variety/Util.py", line 534, in fetch_json
    return Util.request(url, data).json()
  File "/usr/lib/python2.7/site-packages/variety/Util.py", line 507, in request
    r.raise_for_status()
  File "/usr/lib/python2.7/site-packages/requests/models.py", line 935, in raise_for_status
    raise HTTPError(http_error_msg, response=self)
HTTPError: 500 Server Error: Internal Server Error for url: https://vrty.org/api/stats/rz14igyexw/report-config
INFO: 2017-12-01 09:06:28,420: regular_change_thread() 'regular_change changes wallpaper'
INFO: 2017-12-01 09:06:28,460: set_wallpaper() 'Calling set_wallpaper with /home/timotej/.config/variety/Downloaded/Desktoppr/wallpaper-1460001.jpg'
INFO: 2017-12-01 09:06:28,461: prepare_thread() 'Prepared buffer contains 19 images'
INFO: 2017-12-01 09:06:28,462: prepare_thread() 'Quotes prepared buffer contains 9 quotes, fetching a quote'
INFO: 2017-12-01 09:06:28,462: do_set_wp() 'Calling do_set_wp with /home/timotej/.config/variety/Downloaded/Desktoppr/wallpaper-1460001.jpg, time: 1512115588.46'
INFO: 2017-12-01 09:06:28,617: compute_trimmed_offsets() 'Trimmed offsets debug info: w:1920, h:975, ratio:1.969231, iw:1920, ih:1080, scw:1920, sch:1080, ho:0, vo:52'
INFO: 2017-12-01 09:06:28,947: update_indicator() 'Setting file info to: /home/timotej/.config/variety/Downloaded/Desktoppr/wallpaper-1460001.jpg'
INFO: 2017-12-01 09:06:40,507: stats_report_config() 'Stats: Reporting config anonymously'
ERROR: 2017-12-01 09:06:40,748: reporting_thread_method() 'Stats: Could not report config'
Traceback (most recent call last):
  File "/usr/lib/python2.7/site-packages/variety/VarietyWindow.py", line 1003, in reporting_thread_method
    self.smart.stats_report_config()
  File "/usr/lib/python2.7/site-packages/variety/Smart.py", line 851, in stats_report_config
    res = Util.fetch_json(Smart.API_URL + '/stats/%s/report-config' % statsid, data=data)
  File "/usr/lib/python2.7/site-packages/variety/Util.py", line 534, in fetch_json
    return Util.request(url, data).json()
  File "/usr/lib/python2.7/site-packages/variety/Util.py", line 507, in request
    r.raise_for_status()
  File "/usr/lib/python2.7/site-packages/requests/models.py", line 935, in raise_for_status
    raise HTTPError(http_error_msg, response=self)
HTTPError: 500 Server Error: Internal Server Error for url: https://vrty.org/api/stats/rz14igyexw/report-config
INFO: 2017-12-01 09:07:30,018: regular_change_thread() 'regular_change changes wallpaper'
INFO: 2017-12-01 09:07:30,019: prepare_thread() 'Prepared buffer contains 18 images'
INFO: 2017-12-01 09:07:30,019: prepare_thread() 'Quotes prepared buffer contains 9 quotes, fetching a quote'
INFO: 2017-12-01 09:07:30,020: get_for_keyword() 'Fetching quotes from Goodreads for keyword=peace'
INFO: 2017-12-01 09:07:30,023: set_wallpaper() 'Calling set_wallpaper with /home/timotej/.config/variety/Downloaded/Desktoppr/125972366857__2_.jpg'
INFO: 2017-12-01 09:07:30,028: do_set_wp() 'Calling do_set_wp with /home/timotej/.config/variety/Downloaded/Desktoppr/125972366857__2_.jpg, time: 1512115650.03'
INFO: 2017-12-01 09:07:30,204: compute_trimmed_offsets() 'Trimmed offsets debug info: w:1920, h:975, ratio:1.969231, iw:1920, ih:1440, scw:1920, sch:1440, ho:0, vo:232'
INFO: 2017-12-01 09:07:30,268: update_indicator() 'Setting file info to: /home/timotej/.config/variety/Downloaded/Desktoppr/125972366857__2_.jpg'
INFO: 2017-12-01 09:07:32,749: get_from_soup() 'Used Goodreads url https://www.goodreads.com/quotes/tag?utf8=%E2%9C%93&id=peace&page=62'
